13:10:18.669 [background-preinit] INFO  org.hibernate.validator.internal.util.Version - HV000001: Hibernate Validator 6.2.5.Final
13:10:18.779 [main] INFO  com.mdd.admin.LikeAdminApplication - Starting LikeAdminApplication using Java 1.8.0_92 on Javis with PID 19088 (D:\github\likeadmin_java-master\server\like-admin\target\classes started by Administrator in D:\github\likeadmin_java-master\server\like-admin)
13:10:18.783 [main] INFO  com.mdd.admin.LikeAdminApplication - The following 1 profile is active: "dev"
13:10:23.368 [main] INFO  org.apache.coyote.http11.Http11NioProtocol - Initializing ProtocolHandler ["http-nio-8082"]
13:10:23.368 [main] INFO  org.apache.catalina.core.StandardService - Starting service [Tomcat]
13:10:23.369 [main] INFO  org.apache.catalina.core.StandardEngine - Starting Servlet engine: [Apache Tomcat/9.0.68]
13:10:23.504 [main] INFO  org.apache.catalina.core.ContainerBase.[Tomcat].[localhost].[/] - Initializing Spring embedded WebApplicationContext
13:10:24.454 [main] INFO  org.quartz.impl.StdSchedulerFactory - Using default implementation for ThreadExecutor
13:10:24.468 [main] INFO  org.quartz.core.SchedulerSignalerImpl - Initialized Scheduler Signaller of type: class org.quartz.core.SchedulerSignalerImpl
13:10:24.468 [main] INFO  org.quartz.core.QuartzScheduler - Quartz Scheduler v.2.3.2 created.
13:10:24.469 [main] INFO  org.quartz.simpl.RAMJobStore - RAMJobStore initialized.
13:10:24.469 [main] INFO  org.quartz.core.QuartzScheduler - Scheduler meta-data: Quartz Scheduler (v2.3.2) 'quartzScheduler' with instanceId 'NON_CLUSTERED'
  Scheduler class: 'org.quartz.core.QuartzScheduler' - running locally.
  NOT STARTED.
  Currently in standby mode.
  Number of jobs executed: 0
  Using thread pool 'org.quartz.simpl.SimpleThreadPool' - with 10 threads.
  Using job-store 'org.quartz.simpl.RAMJobStore' - which does not support persistence. and is not clustered.

13:10:24.469 [main] INFO  org.quartz.impl.StdSchedulerFactory - Quartz scheduler 'quartzScheduler' initialized from an externally provided properties instance.
13:10:24.469 [main] INFO  org.quartz.impl.StdSchedulerFactory - Quartz scheduler version: 2.3.2
13:10:24.469 [main] INFO  org.quartz.core.QuartzScheduler - JobFactory set to: org.springframework.scheduling.quartz.SpringBeanJobFactory@35563e4c
13:10:24.583 [main] INFO  com.zaxxer.hikari.HikariDataSource - DateSourceHikariCP - Starting...
13:10:24.866 [main] INFO  com.zaxxer.hikari.HikariDataSource - DateSourceHikariCP - Start completed.
13:10:29.134 [main] INFO  org.apache.coyote.http11.Http11NioProtocol - Starting ProtocolHandler ["http-nio-8082"]
13:10:29.984 [main] INFO  org.quartz.core.QuartzScheduler - Scheduler quartzScheduler_$_NON_CLUSTERED started.
13:10:29.991 [main] INFO  com.mdd.admin.LikeAdminApplication - Started LikeAdminApplication in 11.749 seconds (JVM running for 12.332)
13:12:48.191 [http-nio-8082-exec-2] INFO  org.apache.catalina.core.ContainerBase.[Tomcat].[localhost].[/] - Initializing Spring DispatcherServlet 'dispatcherServlet'
